<?xml version="1.0" encoding="UTF-8"?>
<testsuite name="com.hywa.bigdata.storage.StorageApplicationTests" time="0.037" tests="1" errors="1" skipped="0" failures="0">
  <properties>
[...]
</properties>
  <testcase name="contextLoads" classname="com.hywa.bigdata.storage.StorageApplicationTests" time="0.037">
    <error message="resource &apos;processes/helloWorld.xml&apos; not found" type="org.activiti.engine.ActivitiIllegalArgumentException">org.activiti.engine.ActivitiIllegalArgumentException: resource 'processes/helloWorld.xml' not found
	at org.activiti.engine.impl.repository.DeploymentBuilderImpl.addClasspathResource(DeploymentBuilderImpl.java:69)
	at com.hywa.bigdata.storage.StorageApplicationTests.contextLoads(StorageApplicationTests.java:27)
</error>
    <system-out><![CDATA[00:09:38.680 [main] DEBUG org.springframework.test.context.junit4.SpringJUnit4ClassRunner - SpringJUnit4ClassRunner constructor called with [class com.hywa.bigdata.storage.StorageApplicationTests]
00:09:38.686 [main] DEBUG org.springframework.test.context.BootstrapUtils - Instantiating CacheAwareContextLoaderDelegate from class [org.springframework.test.context.cache.DefaultCacheAwareContextLoaderDelegate]
00:09:38.694 [main] DEBUG org.springframework.test.context.BootstrapUtils - Instantiating BootstrapContext using constructor [public org.springframework.test.context.support.DefaultBootstrapContext(java.lang.Class,org.springframework.test.context.CacheAwareContextLoaderDelegate)]
00:09:38.709 [main] DEBUG org.springframework.test.context.BootstrapUtils - Instantiating TestContextBootstrapper for test class [com.hywa.bigdata.storage.StorageApplicationTests] from class [org.springframework.boot.test.context.SpringBootTestContextBootstrapper]
00:09:38.723 [main] INFO org.springframework.boot.test.context.SpringBootTestContextBootstrapper - Neither @ContextConfiguration nor @ContextHierarchy found for test class [com.hywa.bigdata.storage.StorageApplicationTests], using SpringBootContextLoader
00:09:38.726 [main] DEBUG org.springframework.test.context.support.AbstractContextLoader - Did not detect default resource location for test class [com.hywa.bigdata.storage.StorageApplicationTests]: class path resource [com/hywa/bigdata/storage/StorageApplicationTests-context.xml] does not exist
00:09:38.727 [main] DEBUG org.springframework.test.context.support.AbstractContextLoader - Did not detect default resource location for test class [com.hywa.bigdata.storage.StorageApplicationTests]: class path resource [com/hywa/bigdata/storage/StorageApplicationTestsContext.groovy] does not exist
00:09:38.727 [main] INFO org.springframework.test.context.support.AbstractContextLoader - Could not detect default resource locations for test class [com.hywa.bigdata.storage.StorageApplicationTests]: no resource found for suffixes {-context.xml, Context.groovy}.
00:09:38.760 [main] DEBUG org.springframework.test.context.support.ActiveProfilesUtils - Could not find an 'annotation declaring class' for annotation type [org.springframework.test.context.ActiveProfiles] and class [com.hywa.bigdata.storage.StorageApplicationTests]
00:09:38.798 [main] DEBUG org.springframework.boot.test.context.SpringBootTestContextBootstrapper - @TestExecutionListeners is not present for class [com.hywa.bigdata.storage.StorageApplicationTests]: using defaults.
00:09:38.803 [main] INFO org.springframework.boot.test.context.SpringBootTestContextBootstrapper - Loaded default TestExecutionListener class names from location [META-INF/spring.factories]: [org.springframework.boot.test.mock.mockito.MockitoTestExecutionListener, org.springframework.boot.test.mock.mockito.ResetMocksTestExecutionListener, org.springframework.boot.test.autoconfigure.restdocs.RestDocsTestExecutionListener, org.springframework.boot.test.autoconfigure.web.client.MockRestServiceServerResetTestExecutionListener, org.springframework.boot.test.autoconfigure.web.servlet.MockMvcPrintOnlyOnFailureTestExecutionListener, org.springframework.boot.test.autoconfigure.web.servlet.WebDriverTestExecutionListener, org.springframework.test.context.web.ServletTestExecutionListener, org.springframework.test.context.support.DirtiesContextBeforeModesTestExecutionListener, org.springframework.test.context.support.DependencyInjectionTestExecutionListener, org.springframework.test.context.support.DirtiesContextTestExecutionListener, org.springframework.test.context.transaction.TransactionalTestExecutionListener, org.springframework.test.context.jdbc.SqlScriptsTestExecutionListener]
00:09:38.823 [main] INFO org.springframework.boot.test.context.SpringBootTestContextBootstrapper - Using TestExecutionListeners: [org.springframework.test.context.web.ServletTestExecutionListener@23a5fd2, org.springframework.test.context.support.DirtiesContextBeforeModesTestExecutionListener@78a2da20, org.springframework.boot.test.autoconfigure.SpringBootDependencyInjectionTestExecutionListener@dd3b207, org.springframework.test.context.support.DirtiesContextTestExecutionListener@551bdc27, org.springframework.test.context.transaction.TransactionalTestExecutionListener@58fdd99, org.springframework.test.context.jdbc.SqlScriptsTestExecutionListener@6b1274d2, org.springframework.boot.test.autoconfigure.restdocs.RestDocsTestExecutionListener@7bc1a03d, org.springframework.boot.test.autoconfigure.web.servlet.MockMvcPrintOnlyOnFailureTestExecutionListener@70b0b186, org.springframework.boot.test.autoconfigure.web.client.MockRestServiceServerResetTestExecutionListener@ba8d91c, org.springframework.boot.test.mock.mockito.MockitoTestExecutionListener@7364985f, org.springframework.boot.test.autoconfigure.web.servlet.WebDriverTestExecutionListener@5d20e46, org.springframework.boot.test.mock.mockito.ResetMocksTestExecutionListener@709ba3fb]
00:09:38.825 [main] DEBUG org.springframework.test.annotation.ProfileValueUtils - Retrieved @ProfileValueSourceConfiguration [null] for test class [com.hywa.bigdata.storage.StorageApplicationTests]
00:09:38.826 [main] DEBUG org.springframework.test.annotation.ProfileValueUtils - Retrieved ProfileValueSource type [class org.springframework.test.annotation.SystemProfileValueSource] for class [com.hywa.bigdata.storage.StorageApplicationTests]
00:09:38.827 [main] DEBUG org.springframework.test.context.junit4.SpringJUnit4ClassRunner - SpringJUnit4ClassRunner constructor called with [class com.hywa.bigdata.storage.StorageApplicationTests]
00:09:38.827 [main] DEBUG org.springframework.test.context.BootstrapUtils - Instantiating CacheAwareContextLoaderDelegate from class [org.springframework.test.context.cache.DefaultCacheAwareContextLoaderDelegate]
00:09:38.828 [main] DEBUG org.springframework.test.context.BootstrapUtils - Instantiating BootstrapContext using constructor [public org.springframework.test.context.support.DefaultBootstrapContext(java.lang.Class,org.springframework.test.context.CacheAwareContextLoaderDelegate)]
00:09:38.828 [main] DEBUG org.springframework.test.context.BootstrapUtils - Instantiating TestContextBootstrapper for test class [com.hywa.bigdata.storage.StorageApplicationTests] from class [org.springframework.boot.test.context.SpringBootTestContextBootstrapper]
00:09:38.829 [main] INFO org.springframework.boot.test.context.SpringBootTestContextBootstrapper - Neither @ContextConfiguration nor @ContextHierarchy found for test class [com.hywa.bigdata.storage.StorageApplicationTests], using SpringBootContextLoader
00:09:38.830 [main] DEBUG org.springframework.test.context.support.AbstractContextLoader - Did not detect default resource location for test class [com.hywa.bigdata.storage.StorageApplicationTests]: class path resource [com/hywa/bigdata/storage/StorageApplicationTests-context.xml] does not exist
00:09:38.831 [main] DEBUG org.springframework.test.context.support.AbstractContextLoader - Did not detect default resource location for test class [com.hywa.bigdata.storage.StorageApplicationTests]: class path resource [com/hywa/bigdata/storage/StorageApplicationTestsContext.groovy] does not exist
00:09:38.831 [main] INFO org.springframework.test.context.support.AbstractContextLoader - Could not detect default resource locations for test class [com.hywa.bigdata.storage.StorageApplicationTests]: no resource found for suffixes {-context.xml, Context.groovy}.
00:09:38.838 [main] DEBUG org.springframework.test.context.support.ActiveProfilesUtils - Could not find an 'annotation declaring class' for annotation type [org.springframework.test.context.ActiveProfiles] and class [com.hywa.bigdata.storage.StorageApplicationTests]
00:09:38.841 [main] DEBUG org.springframework.boot.test.context.SpringBootTestContextBootstrapper - @TestExecutionListeners is not present for class [com.hywa.bigdata.storage.StorageApplicationTests]: using defaults.
00:09:38.845 [main] INFO org.springframework.boot.test.context.SpringBootTestContextBootstrapper - Loaded default TestExecutionListener class names from location [META-INF/spring.factories]: [org.springframework.boot.test.mock.mockito.MockitoTestExecutionListener, org.springframework.boot.test.mock.mockito.ResetMocksTestExecutionListener, org.springframework.boot.test.autoconfigure.restdocs.RestDocsTestExecutionListener, org.springframework.boot.test.autoconfigure.web.client.MockRestServiceServerResetTestExecutionListener, org.springframework.boot.test.autoconfigure.web.servlet.MockMvcPrintOnlyOnFailureTestExecutionListener, org.springframework.boot.test.autoconfigure.web.servlet.WebDriverTestExecutionListener, org.springframework.test.context.web.ServletTestExecutionListener, org.springframework.test.context.support.DirtiesContextBeforeModesTestExecutionListener, org.springframework.test.context.support.DependencyInjectionTestExecutionListener, org.springframework.test.context.support.DirtiesContextTestExecutionListener, org.springframework.test.context.transaction.TransactionalTestExecutionListener, org.springframework.test.context.jdbc.SqlScriptsTestExecutionListener]
00:09:38.848 [main] INFO org.springframework.boot.test.context.SpringBootTestContextBootstrapper - Using TestExecutionListeners: [org.springframework.test.context.web.ServletTestExecutionListener@53ca01a2, org.springframework.test.context.support.DirtiesContextBeforeModesTestExecutionListener@358c99f5, org.springframework.boot.test.autoconfigure.SpringBootDependencyInjectionTestExecutionListener@3ee0fea4, org.springframework.test.context.support.DirtiesContextTestExecutionListener@48524010, org.springframework.test.context.transaction.TransactionalTestExecutionListener@4b168fa9, org.springframework.test.context.jdbc.SqlScriptsTestExecutionListener@1a84f40f, org.springframework.boot.test.autoconfigure.restdocs.RestDocsTestExecutionListener@23282c25, org.springframework.boot.test.autoconfigure.web.servlet.MockMvcPrintOnlyOnFailureTestExecutionListener@7920ba90, org.springframework.boot.test.autoconfigure.web.client.MockRestServiceServerResetTestExecutionListener@6b419da, org.springframework.boot.test.mock.mockito.MockitoTestExecutionListener@3b2da18f, org.springframework.boot.test.autoconfigure.web.servlet.WebDriverTestExecutionListener@5906ebcb, org.springframework.boot.test.mock.mockito.ResetMocksTestExecutionListener@258e2e41]
00:09:38.849 [main] DEBUG org.springframework.test.annotation.ProfileValueUtils - Retrieved @ProfileValueSourceConfiguration [null] for test class [com.hywa.bigdata.storage.StorageApplicationTests]
00:09:38.849 [main] DEBUG org.springframework.test.annotation.ProfileValueUtils - Retrieved ProfileValueSource type [class org.springframework.test.annotation.SystemProfileValueSource] for class [com.hywa.bigdata.storage.StorageApplicationTests]
00:09:38.850 [main] DEBUG org.springframework.test.annotation.ProfileValueUtils - Retrieved @ProfileValueSourceConfiguration [null] for test class [com.hywa.bigdata.storage.StorageApplicationTests]
00:09:38.850 [main] DEBUG org.springframework.test.annotation.ProfileValueUtils - Retrieved ProfileValueSource type [class org.springframework.test.annotation.SystemProfileValueSource] for class [com.hywa.bigdata.storage.StorageApplicationTests]
00:09:38.854 [main] DEBUG org.springframework.test.context.support.AbstractDirtiesContextTestExecutionListener - Before test class: context [DefaultTestContext@b62fe6d testClass = StorageApplicationTests, testInstance = [null], testMethod = [null], testException = [null], mergedContextConfiguration = [WebMergedContextConfiguration@13acb0d1 testClass = StorageApplicationTests, locations = '{}', classes = '{class com.hywa.bigdata.storage.StorageApplication, class com.hywa.bigdata.storage.StorageApplication}', contextInitializerClasses = '[]', activeProfiles = '{}', propertySourceLocations = '{}', propertySourceProperties = '{org.springframework.boot.test.context.SpringBootTestContextBootstrapper=true}', contextCustomizers = set[org.springframework.boot.test.context.SpringBootTestContextCustomizer@5faeada1, org.springframework.boot.test.context.filter.ExcludeFilterContextCustomizer@1563da5, org.springframework.boot.test.json.DuplicateJsonObjectContextCustomizerFactory$DuplicateJsonObjectContextCustomizer@33c7e1bb, org.springframework.boot.test.mock.mockito.MockitoContextCustomizer@0, org.springframework.boot.test.autoconfigure.properties.PropertyMappingContextCustomizer@0, org.springframework.boot.test.autoconfigure.web.servlet.WebDriverContextCustomizerFactory$Customizer@2c039ac6], resourceBasePath = 'src/main/webapp', contextLoader = 'org.springframework.boot.test.context.SpringBootContextLoader', parent = [null]]], class annotated with @DirtiesContext [false] with mode [null].
00:09:38.855 [main] DEBUG org.springframework.test.annotation.ProfileValueUtils - Retrieved @ProfileValueSourceConfiguration [null] for test class [com.hywa.bigdata.storage.StorageApplicationTests]
00:09:38.855 [main] DEBUG org.springframework.test.annotation.ProfileValueUtils - Retrieved ProfileValueSource type [class org.springframework.test.annotation.SystemProfileValueSource] for class [com.hywa.bigdata.storage.StorageApplicationTests]
00:09:38.920 [main] DEBUG org.springframework.core.env.StandardEnvironment - Adding PropertySource 'systemProperties' with lowest search precedence
00:09:38.920 [main] DEBUG org.springframework.core.env.StandardEnvironment - Adding PropertySource 'systemEnvironment' with lowest search precedence
00:09:38.921 [main] DEBUG org.springframework.core.env.StandardEnvironment - Initialized StandardEnvironment with PropertySources [MapPropertySource@1610525991 {name='systemProperties', properties={java.runtime.name=Java(TM) SE Runtime Environment, sun.boot.library.path=D:\Program Files\Java\jdk1.8.0_151\jre\bin, java.vm.version=25.151-b12, java.vm.vendor=Oracle Corporation, java.vendor.url=http://java.oracle.com/, path.separator=;, java.vm.name=Java HotSpot(TM) 64-Bit Server VM, file.encoding.pkg=sun.io, user.country=CN, user.script=, sun.java.launcher=SUN_STANDARD, sun.os.patch.level=Service Pack 1, java.vm.specification.name=Java Virtual Machine Specification, user.dir=E:\Workspace\storage, java.runtime.version=1.8.0_151-b12, basedir=E:\Workspace\storage, java.awt.graphicsenv=sun.awt.Win32GraphicsEnvironment, java.endorsed.dirs=D:\Program Files\Java\jdk1.8.0_151\jre\lib\endorsed, os.arch=amd64, surefire.real.class.path=E:\Workspace\storage\target\surefire\surefirebooter2823321513190882091.jar, java.io.tmpdir=C:\Users\ADMINI~1\AppData\Local\Temp\, line.separator=
, java.vm.specification.vendor=Oracle Corporation, user.variant=, os.name=Windows 7, sun.jnu.encoding=GBK, java.library.path=D:\Program Files\Java\jdk1.8.0_151\jre\bin;C:\windows\Sun\Java\bin;C:\windows\system32;C:\windows;D:/Program Files/Java/jdk1.8.0_151/bin/../jre/bin/server;D:/Program Files/Java/jdk1.8.0_151/bin/../jre/bin;D:/Program Files/Java/jdk1.8.0_151/bin/../jre/lib/amd64;C:\windows\system32;C:\windows;C:\windows\System32\Wbem;C:\windows\System32\WindowsPowerShell\v1.0\;D:\Program Files\TortoiseSVN\bin;D:\Program Files\Java\jdk1.8.0_151\bin;D:\Program Files\Java\jdk1.8.0_151\jre\bin;;D:\eclipse;;., surefire.test.class.path=E:\Workspace\storage\target\test-classes;E:\Workspace\storage\target\classes;C:\Users\Administrator\.m2\repository\org\mybatis\mybatis\3.4.1\mybatis-3.4.1.jar;C:\Users\Administrator\.m2\repository\org\apache\ibatis\ibatis-core\3.0\ibatis-core-3.0.jar;C:\Users\Administrator\.m2\repository\org\activiti\activiti-spring-boot-starter-basic\5.21.0\activiti-spring-boot-starter-basic-5.21.0.jar;C:\Users\Administrator\.m2\repository\org\activiti\activiti-engine\5.21.0\activiti-engine-5.21.0.jar;C:\Users\Administrator\.m2\repository\org\activiti\activiti-bpmn-converter\5.21.0\activiti-bpmn-converter-5.21.0.jar;C:\Users\Administrator\.m2\repository\org\activiti\activiti-bpmn-model\5.21.0\activiti-bpmn-model-5.21.0.jar;C:\Users\Administrator\.m2\repository\org\activiti\activiti-process-validation\5.21.0\activiti-process-validation-5.21.0.jar;C:\Users\Administrator\.m2\repository\org\activiti\activiti-image-generator\5.21.0\activiti-image-generator-5.21.0.jar;C:\Users\Administrator\.m2\repository\org\apache\commons\commons-email\1.4\commons-email-1.4.jar;C:\Users\Administrator\.m2\repository\com\sun\mail\javax.mail\1.5.6\javax.mail-1.5.6.jar;C:\Users\Administrator\.m2\repository\javax\activation\activation\1.1.1\activation-1.1.1.jar;C:\Users\Administrator\.m2\repository\org\springframework\spring-beans\4.3.12.RELEASE\spring-beans-4.3.12.RELEASE.jar;C:\Users\Administrator\.m2\repository\joda-time\joda-time\2.9.9\joda-time-2.9.9.jar;C:\Users\Administrator\.m2\repository\org\slf4j\jcl-over-slf4j\1.7.25\jcl-over-slf4j-1.7.25.jar;C:\Users\Administrator\.m2\repository\org\activiti\activiti-spring\5.21.0\activiti-spring-5.21.0.jar;C:\Users\Administrator\.m2\repository\org\springframework\spring-context\4.3.12.RELEASE\spring-context-4.3.12.RELEASE.jar;C:\Users\Administrator\.m2\repository\org\springframework\spring-tx\4.3.12.RELEASE\spring-tx-4.3.12.RELEASE.jar;C:\Users\Administrator\.m2\repository\org\springframework\spring-orm\4.3.12.RELEASE\spring-orm-4.3.12.RELEASE.jar;C:\Users\Administrator\.m2\repository\commons-dbcp\commons-dbcp\1.4\commons-dbcp-1.4.jar;C:\Users\Administrator\.m2\repository\commons-pool\commons-pool\1.6\commons-pool-1.6.jar;C:\Users\Administrator\.m2\repository\org\springframework\boot\spring-boot-starter-activemq\1.5.8.RELEASE\spring-boot-starter-activemq-1.5.8.RELEASE.jar;C:\Users\Administrator\.m2\repository\org\springframework\boot\spring-boot-starter\1.5.8.RELEASE\spring-boot-starter-1.5.8.RELEASE.jar;C:\Users\Administrator\.m2\repository\org\springframework\boot\spring-boot-starter-logging\1.5.8.RELEASE\spring-boot-starter-logging-1.5.8.RELEASE.jar;C:\Users\Administrator\.m2\repository\ch\qos\logback\logback-classic\1.1.11\logback-classic-1.1.11.jar;C:\Users\Administrator\.m2\repository\ch\qos\logback\logback-core\1.1.11\logback-core-1.1.11.jar;C:\Users\Administrator\.m2\repository\org\slf4j\jul-to-slf4j\1.7.25\jul-to-slf4j-1.7.25.jar;C:\Users\Administrator\.m2\repository\org\slf4j\log4j-over-slf4j\1.7.25\log4j-over-slf4j-1.7.25.jar;C:\Users\Administrator\.m2\repository\org\yaml\snakeyaml\1.17\snakeyaml-1.17.jar;C:\Users\Administrator\.m2\repository\org\springframework\spring-jms\4.3.12.RELEASE\spring-jms-4.3.12.RELEASE.jar;C:\Users\Administrator\.m2\repository\org\springframework\spring-aop\4.3.12.RELEASE\spring-aop-4.3.12.RELEASE.jar;C:\Users\Administrator\.m2\repository\org\springframework\spring-messaging\4.3.12.RELEASE\spring-messaging-4.3.12.RELEASE.jar;C:\Users\Administrator\.m2\repository\org\apache\activemq\activemq-broker\5.14.5\activemq-broker-5.14.5.jar;C:\Users\Administrator\.m2\repository\org\apache\activemq\activemq-client\5.14.5\activemq-client-5.14.5.jar;C:\Users\Administrator\.m2\repository\org\apache\geronimo\specs\geronimo-jms_1.1_spec\1.1.1\geronimo-jms_1.1_spec-1.1.1.jar;C:\Users\Administrator\.m2\repository\org\fusesource\hawtbuf\hawtbuf\1.11\hawtbuf-1.11.jar;C:\Users\Administrator\.m2\repository\org\apache\geronimo\specs\geronimo-j2ee-management_1.1_spec\1.0.1\geronimo-j2ee-management_1.1_spec-1.0.1.jar;C:\Users\Administrator\.m2\repository\org\apache\activemq\activemq-openwire-legacy\5.14.5\activemq-openwire-legacy-5.14.5.jar;C:\Users\Administrator\.m2\repository\org\springframework\boot\spring-boot-starter-data-redis\1.5.8.RELEASE\spring-boot-starter-data-redis-1.5.8.RELEASE.jar;C:\Users\Administrator\.m2\repository\org\springframework\data\spring-data-redis\1.8.8.RELEASE\spring-data-redis-1.8.8.RELEASE.jar;C:\Users\Administrator\.m2\repository\org\springframework\data\spring-data-keyvalue\1.2.8.RELEASE\spring-data-keyvalue-1.2.8.RELEASE.jar;C:\Users\Administrator\.m2\repository\org\springframework\spring-oxm\4.3.12.RELEASE\spring-oxm-4.3.12.RELEASE.jar;C:\Users\Administrator\.m2\repository\org\springframework\spring-context-support\4.3.12.RELEASE\spring-context-support-4.3.12.RELEASE.jar;C:\Users\Administrator\.m2\repository\redis\clients\jedis\2.9.0\jedis-2.9.0.jar;C:\Users\Administrator\.m2\repository\org\apache\commons\commons-pool2\2.4.2\commons-pool2-2.4.2.jar;C:\Users\Administrator\.m2\repository\org\springframework\boot\spring-boot-starter-jdbc\1.5.8.RELEASE\spring-boot-starter-jdbc-1.5.8.RELEASE.jar;C:\Users\Administrator\.m2\repository\org\apache\tomcat\tomcat-jdbc\8.5.23\tomcat-jdbc-8.5.23.jar;C:\Users\Administrator\.m2\repository\org\apache\tomcat\tomcat-juli\8.5.23\tomcat-juli-8.5.23.jar;C:\Users\Administrator\.m2\repository\org\springframework\spring-jdbc\4.3.12.RELEASE\spring-jdbc-4.3.12.RELEASE.jar;C:\Users\Administrator\.m2\repository\org\springframework\boot\spring-boot-starter-web\1.5.8.RELEASE\spring-boot-starter-web-1.5.8.RELEASE.jar;C:\Users\Administrator\.m2\repository\org\springframework\boot\spring-boot-starter-tomcat\1.5.8.RELEASE\spring-boot-starter-tomcat-1.5.8.RELEASE.jar;C:\Users\Administrator\.m2\repository\org\apache\tomcat\embed\tomcat-embed-core\8.5.23\tomcat-embed-core-8.5.23.jar;C:\Users\Administrator\.m2\repository\org\apache\tomcat\tomcat-annotations-api\8.5.23\tomcat-annotations-api-8.5.23.jar;C:\Users\Administrator\.m2\repository\org\apache\tomcat\embed\tomcat-embed-el\8.5.23\tomcat-embed-el-8.5.23.jar;C:\Users\Administrator\.m2\repository\org\apache\tomcat\embed\tomcat-embed-websocket\8.5.23\tomcat-embed-websocket-8.5.23.jar;C:\Users\Administrator\.m2\repository\org\hibernate\hibernate-validator\5.3.5.Final\hibernate-validator-5.3.5.Final.jar;C:\Users\Administrator\.m2\repository\javax\validation\validation-api\1.1.0.Final\validation-api-1.1.0.Final.jar;C:\Users\Administrator\.m2\repository\org\jboss\logging\jboss-logging\3.3.1.Final\jboss-logging-3.3.1.Final.jar;C:\Users\Administrator\.m2\repository\com\fasterxml\classmate\1.3.4\classmate-1.3.4.jar;C:\Users\Administrator\.m2\repository\com\fasterxml\jackson\core\jackson-databind\2.8.10\jackson-databind-2.8.10.jar;C:\Users\Administrator\.m2\repository\com\fasterxml\jackson\core\jackson-annotations\2.8.0\jackson-annotations-2.8.0.jar;C:\Users\Administrator\.m2\repository\com\fasterxml\jackson\core\jackson-core\2.8.10\jackson-core-2.8.10.jar;C:\Users\Administrator\.m2\repository\org\springframework\spring-web\4.3.12.RELEASE\spring-web-4.3.12.RELEASE.jar;C:\Users\Administrator\.m2\repository\org\springframework\spring-webmvc\4.3.12.RELEASE\spring-webmvc-4.3.12.RELEASE.jar;C:\Users\Administrator\.m2\repository\org\springframework\spring-expression\4.3.12.RELEASE\spring-expression-4.3.12.RELEASE.jar;C:\Users\Administrator\.m2\repository\org\mybatis\spring\boot\mybatis-spring-boot-starter\1.3.1\mybatis-spring-boot-starter-1.3.1.jar;C:\Users\Administrator\.m2\repository\org\mybatis\spring\boot\mybatis-spring-boot-autoconfigure\1.3.1\mybatis-spring-boot-autoconfigure-1.3.1.jar;C:\Users\Administrator\.m2\repository\org\mybatis\mybatis-spring\1.3.1\mybatis-spring-1.3.1.jar;C:\Users\Administrator\.m2\repository\com\github\pagehelper\pagehelper\4.1.0\pagehelper-4.1.0.jar;C:\Users\Administrator\.m2\repository\com\github\jsqlparser\jsqlparser\0.9.4\jsqlparser-0.9.4.jar;C:\Users\Administrator\.m2\repository\org\springframework\boot\spring-boot-starter-data-jpa\1.5.8.RELEASE\spring-boot-starter-data-jpa-1.5.8.RELEASE.jar;C:\Users\Administrator\.m2\repository\org\springframework\boot\spring-boot-starter-aop\1.5.8.RELEASE\spring-boot-starter-aop-1.5.8.RELEASE.jar;C:\Users\Administrator\.m2\repository\org\aspectj\aspectjweaver\1.8.11\aspectjweaver-1.8.11.jar;C:\Users\Administrator\.m2\repository\org\hibernate\hibernate-core\5.0.12.Final\hibernate-core-5.0.12.Final.jar;C:\Users\Administrator\.m2\repository\org\hibernate\javax\persistence\hibernate-jpa-2.1-api\1.0.0.Final\hibernate-jpa-2.1-api-1.0.0.Final.jar;C:\Users\Administrator\.m2\repository\org\javassist\javassist\3.21.0-GA\javassist-3.21.0-GA.jar;C:\Users\Administrator\.m2\repository\antlr\antlr\2.7.7\antlr-2.7.7.jar;C:\Users\Administrator\.m2\repository\org\jboss\jandex\2.0.0.Final\jandex-2.0.0.Final.jar;C:\Users\Administrator\.m2\repository\dom4j\dom4j\1.6.1\dom4j-1.6.1.jar;C:\Users\Administrator\.m2\repository\org\hibernate\common\hibernate-commons-annotations\5.0.1.Final\hibernate-commons-annotations-5.0.1.Final.jar;C:\Users\Administrator\.m2\repository\org\hibernate\hibernate-entitymanager\5.0.12.Final\hibernate-entitymanager-5.0.12.Final.jar;C:\Users\Administrator\.m2\repository\javax\transaction\javax.transaction-api\1.2\javax.transaction-api-1.2.jar;C:\Users\Administrator\.m2\repository\org\springframework\data\spring-data-jpa\1.11.8.RELEASE\spring-data-jpa-1.11.8.RELEASE.jar;C:\Users\Administrator\.m2\repository\org\springframework\data\spring-data-commons\1.13.8.RELEASE\spring-data-commons-1.13.8.RELEASE.jar;C:\Users\Administrator\.m2\repository\org\springframework\spring-aspects\4.3.12.RELEASE\spring-aspects-4.3.12.RELEASE.jar;C:\Users\Administrator\.m2\repository\mysql\mysql-connector-java\5.1.44\mysql-connector-java-5.1.44.jar;C:\Users\Administrator\.m2\repository\org\projectlombok\lombok\1.16.18\lombok-1.16.18.jar;C:\Users\Administrator\.m2\repository\org\springframework\boot\spring-boot-starter-test\1.5.8.RELEASE\spring-boot-starter-test-1.5.8.RELEASE.jar;C:\Users\Administrator\.m2\repository\org\springframework\boot\spring-boot-test\1.5.8.RELEASE\spring-boot-test-1.5.8.RELEASE.jar;C:\Users\Administrator\.m2\repository\org\springframework\boot\spring-boot-test-autoconfigure\1.5.8.RELEASE\spring-boot-test-autoconfigure-1.5.8.RELEASE.jar;C:\Users\Administrator\.m2\repository\com\jayway\jsonpath\json-path\2.2.0\json-path-2.2.0.jar;C:\Users\Administrator\.m2\repository\net\minidev\json-smart\2.2.1\json-smart-2.2.1.jar;C:\Users\Administrator\.m2\repository\net\minidev\accessors-smart\1.1\accessors-smart-1.1.jar;C:\Users\Administrator\.m2\repository\org\ow2\asm\asm\5.0.3\asm-5.0.3.jar;C:\Users\Administrator\.m2\repository\junit\junit\4.12\junit-4.12.jar;C:\Users\Administrator\.m2\repository\org\assertj\assertj-core\2.6.0\assertj-core-2.6.0.jar;C:\Users\Administrator\.m2\repository\org\mockito\mockito-core\1.10.19\mockito-core-1.10.19.jar;C:\Users\Administrator\.m2\repository\org\objenesis\objenesis\2.1\objenesis-2.1.jar;C:\Users\Administrator\.m2\repository\org\hamcrest\hamcrest-core\1.3\hamcrest-core-1.3.jar;C:\Users\Administrator\.m2\repository\org\hamcrest\hamcrest-library\1.3\hamcrest-library-1.3.jar;C:\Users\Administrator\.m2\repository\org\skyscreamer\jsonassert\1.4.0\jsonassert-1.4.0.jar;C:\Users\Administrator\.m2\repository\com\vaadin\external\google\android-json\0.0.20131108.vaadin1\android-json-0.0.20131108.vaadin1.jar;C:\Users\Administrator\.m2\repository\org\springframework\spring-core\4.3.12.RELEASE\spring-core-4.3.12.RELEASE.jar;C:\Users\Administrator\.m2\repository\org\springframework\spring-test\4.3.12.RELEASE\spring-test-4.3.12.RELEASE.jar;C:\Users\Administrator\.m2\repository\com\alibaba\druid\1.0.29\druid-1.0.29.jar;D:\Program Files\Java\jdk1.8.0_151\jre\..\lib\jconsole.jar;D:\Program Files\Java\jdk1.8.0_151\jre\..\lib\tools.jar;C:\Users\Administrator\.m2\repository\org\apache\httpcomponents\httpmime\4.5.3\httpmime-4.5.3.jar;C:\Users\Administrator\.m2\repository\org\apache\httpcomponents\httpclient\4.5.3\httpclient-4.5.3.jar;C:\Users\Administrator\.m2\repository\org\apache\httpcomponents\httpcore\4.4.8\httpcore-4.4.8.jar;C:\Users\Administrator\.m2\repository\commons-codec\commons-codec\1.10\commons-codec-1.10.jar;C:\Users\Administrator\.m2\repository\log4j\log4j\1.2.17\log4j-1.2.17.jar;C:\Users\Administrator\.m2\repository\com\alibaba\fastjson\1.2.15\fastjson-1.2.15.jar;C:\Users\Administrator\.m2\repository\org\springframework\boot\spring-boot-devtools\1.5.8.RELEASE\spring-boot-devtools-1.5.8.RELEASE.jar;C:\Users\Administrator\.m2\repository\org\springframework\boot\spring-boot\1.5.8.RELEASE\spring-boot-1.5.8.RELEASE.jar;C:\Users\Administrator\.m2\repository\org\springframework\boot\spring-boot-autoconfigure\1.5.8.RELEASE\spring-boot-autoconfigure-1.5.8.RELEASE.jar;C:\Users\Administrator\.m2\repository\org\apache\commons\commons-lang3\3.3.2\commons-lang3-3.3.2.jar;C:\Users\Administrator\.m2\repository\commons-io\commons-io\2.2\commons-io-2.2.jar;C:\Users\Administrator\.m2\repository\commons-net\commons-net\3.3\commons-net-3.3.jar;C:\Users\Administrator\.m2\repository\com\google\code\gson\gson\2.8.2\gson-2.8.2.jar;C:\Users\Administrator\.m2\repository\net\sf\ehcache\ehcache\2.10.4\ehcache-2.10.4.jar;C:\Users\Administrator\.m2\repository\org\slf4j\slf4j-api\1.7.25\slf4j-api-1.7.25.jar;, java.specification.name=Java Platform API Specification, java.class.version=52.0, sun.management.compiler=HotSpot 64-Bit Tiered Compilers, os.version=6.1, user.home=C:\Users\Administrator, user.timezone=Asia/Shanghai, java.awt.printerjob=sun.awt.windows.WPrinterJob, file.encoding=GBK, java.specification.version=1.8, java.class.path=E:\Workspace\storage\target\test-classes;E:\Workspace\storage\target\classes;C:\Users\Administrator\.m2\repository\org\mybatis\mybatis\3.4.1\mybatis-3.4.1.jar;C:\Users\Administrator\.m2\repository\org\apache\ibatis\ibatis-core\3.0\ibatis-core-3.0.jar;C:\Users\Administrator\.m2\repository\org\activiti\activiti-spring-boot-starter-basic\5.21.0\activiti-spring-boot-starter-basic-5.21.0.jar;C:\Users\Administrator\.m2\repository\org\activiti\activiti-engine\5.21.0\activiti-engine-5.21.0.jar;C:\Users\Administrator\.m2\repository\org\activiti\activiti-bpmn-converter\5.21.0\activiti-bpmn-converter-5.21.0.jar;C:\Users\Administrator\.m2\repository\org\activiti\activiti-bpmn-model\5.21.0\activiti-bpmn-model-5.21.0.jar;C:\Users\Administrator\.m2\repository\org\activiti\activiti-process-validation\5.21.0\activiti-process-validation-5.21.0.jar;C:\Users\Administrator\.m2\repository\org\activiti\activiti-image-generator\5.21.0\activiti-image-generator-5.21.0.jar;C:\Users\Administrator\.m2\repository\org\apache\commons\commons-email\1.4\commons-email-1.4.jar;C:\Users\Administrator\.m2\repository\com\sun\mail\javax.mail\1.5.6\javax.mail-1.5.6.jar;C:\Users\Administrator\.m2\repository\javax\activation\activation\1.1.1\activation-1.1.1.jar;C:\Users\Administrator\.m2\repository\org\springframework\spring-beans\4.3.12.RELEASE\spring-beans-4.3.12.RELEASE.jar;C:\Users\Administrator\.m2\repository\joda-time\joda-time\2.9.9\joda-time-2.9.9.jar;C:\Users\Administrator\.m2\repository\org\slf4j\jcl-over-slf4j\1.7.25\jcl-over-slf4j-1.7.25.jar;C:\Users\Administrator\.m2\repository\org\activiti\activiti-spring\5.21.0\activiti-spring-5.21.0.jar;C:\Users\Administrator\.m2\repository\org\springframework\spring-context\4.3.12.RELEASE\spring-context-4.3.12.RELEASE.jar;C:\Users\Administrator\.m2\repository\org\springframework\spring-tx\4.3.12.RELEASE\spring-tx-4.3.12.RELEASE.jar;C:\Users\Administrator\.m2\repository\org\springframework\spring-orm\4.3.12.RELEASE\spring-orm-4.3.12.RELEASE.jar;C:\Users\Administrator\.m2\repository\commons-dbcp\commons-dbcp\1.4\commons-dbcp-1.4.jar;C:\Users\Administrator\.m2\repository\commons-pool\commons-pool\1.6\commons-pool-1.6.jar;C:\Users\Administrator\.m2\repository\org\springframework\boot\spring-boot-starter-activemq\1.5.8.RELEASE\spring-boot-starter-activemq-1.5.8.RELEASE.jar;C:\Users\Administrator\.m2\repository\org\springframework\boot\spring-boot-starter\1.5.8.RELEASE\spring-boot-starter-1.5.8.RELEASE.jar;C:\Users\Administrator\.m2\repository\org\springframework\boot\spring-boot-starter-logging\1.5.8.RELEASE\spring-boot-starter-logging-1.5.8.RELEASE.jar;C:\Users\Administrator\.m2\repository\ch\qos\logback\logback-classic\1.1.11\logback-classic-1.1.11.jar;C:\Users\Administrator\.m2\repository\ch\qos\logback\logback-core\1.1.11\logback-core-1.1.11.jar;C:\Users\Administrator\.m2\repository\org\slf4j\jul-to-slf4j\1.7.25\jul-to-slf4j-1.7.25.jar;C:\Users\Administrator\.m2\repository\org\slf4j\log4j-over-slf4j\1.7.25\log4j-over-slf4j-1.7.25.jar;C:\Users\Administrator\.m2\repository\org\yaml\snakeyaml\1.17\snakeyaml-1.17.jar;C:\Users\Administrator\.m2\repository\org\springframework\spring-jms\4.3.12.RELEASE\spring-jms-4.3.12.RELEASE.jar;C:\Users\Administrator\.m2\repository\org\springframework\spring-aop\4.3.12.RELEASE\spring-aop-4.3.12.RELEASE.jar;C:\Users\Administrator\.m2\repository\org\springframework\spring-messaging\4.3.12.RELEASE\spring-messaging-4.3.12.RELEASE.jar;C:\Users\Administrator\.m2\repository\org\apache\activemq\activemq-broker\5.14.5\activemq-broker-5.14.5.jar;C:\Users\Administrator\.m2\repository\org\apache\activemq\activemq-client\5.14.5\activemq-client-5.14.5.jar;C:\Users\Administrator\.m2\repository\org\apache\geronimo\specs\geronimo-jms_1.1_spec\1.1.1\geronimo-jms_1.1_spec-1.1.1.jar;C:\Users\Administrator\.m2\repository\org\fusesource\hawtbuf\hawtbuf\1.11\hawtbuf-1.11.jar;C:\Users\Administrator\.m2\repository\org\apache\geronimo\specs\geronimo-j2ee-management_1.1_spec\1.0.1\geronimo-j2ee-management_1.1_spec-1.0.1.jar;C:\Users\Administrator\.m2\repository\org\apache\activemq\activemq-openwire-legacy\5.14.5\activemq-openwire-legacy-5.14.5.jar;C:\Users\Administrator\.m2\repository\org\springframework\boot\spring-boot-starter-data-redis\1.5.8.RELEASE\spring-boot-starter-data-redis-1.5.8.RELEASE.jar;C:\Users\Administrator\.m2\repository\org\springframework\data\spring-data-redis\1.8.8.RELEASE\spring-data-redis-1.8.8.RELEASE.jar;C:\Users\Administrator\.m2\repository\org\springframework\data\spring-data-keyvalue\1.2.8.RELEASE\spring-data-keyvalue-1.2.8.RELEASE.jar;C:\Users\Administrator\.m2\repository\org\springframework\spring-oxm\4.3.12.RELEASE\spring-oxm-4.3.12.RELEASE.jar;C:\Users\Administrator\.m2\repository\org\springframework\spring-context-support\4.3.12.RELEASE\spring-context-support-4.3.12.RELEASE.jar;C:\Users\Administrator\.m2\repository\redis\clients\jedis\2.9.0\jedis-2.9.0.jar;C:\Users\Administrator\.m2\repository\org\apache\commons\commons-pool2\2.4.2\commons-pool2-2.4.2.jar;C:\Users\Administrator\.m2\repository\org\springframework\boot\spring-boot-starter-jdbc\1.5.8.RELEASE\spring-boot-starter-jdbc-1.5.8.RELEASE.jar;C:\Users\Administrator\.m2\repository\org\apache\tomcat\tomcat-jdbc\8.5.23\tomcat-jdbc-8.5.23.jar;C:\Users\Administrator\.m2\repository\org\apache\tomcat\tomcat-juli\8.5.23\tomcat-juli-8.5.23.jar;C:\Users\Administrator\.m2\repository\org\springframework\spring-jdbc\4.3.12.RELEASE\spring-jdbc-4.3.12.RELEASE.jar;C:\Users\Administrator\.m2\repository\org\springframework\boot\spring-boot-starter-web\1.5.8.RELEASE\spring-boot-starter-web-1.5.8.RELEASE.jar;C:\Users\Administrator\.m2\repository\org\springframework\boot\spring-boot-starter-tomcat\1.5.8.RELEASE\spring-boot-starter-tomcat-1.5.8.RELEASE.jar;C:\Users\Administrator\.m2\repository\org\apache\tomcat\embed\tomcat-embed-core\8.5.23\tomcat-embed-core-8.5.23.jar;C:\Users\Administrator\.m2\repository\org\apache\tomcat\tomcat-annotations-api\8.5.23\tomcat-annotations-api-8.5.23.jar;C:\Users\Administrator\.m2\repository\org\apache\tomcat\embed\tomcat-embed-el\8.5.23\tomcat-embed-el-8.5.23.jar;C:\Users\Administrator\.m2\repository\org\apache\tomcat\embed\tomcat-embed-websocket\8.5.23\tomcat-embed-websocket-8.5.23.jar;C:\Users\Administrator\.m2\repository\org\hibernate\hibernate-validator\5.3.5.Final\hibernate-validator-5.3.5.Final.jar;C:\Users\Administrator\.m2\repository\javax\validation\validation-api\1.1.0.Final\validation-api-1.1.0.Final.jar;C:\Users\Administrator\.m2\repository\org\jboss\logging\jboss-logging\3.3.1.Final\jboss-logging-3.3.1.Final.jar;C:\Users\Administrator\.m2\repository\com\fasterxml\classmate\1.3.4\classmate-1.3.4.jar;C:\Users\Administrator\.m2\repository\com\fasterxml\jackson\core\jackson-databind\2.8.10\jackson-databind-2.8.10.jar;C:\Users\Administrator\.m2\repository\com\fasterxml\jackson\core\jackson-annotations\2.8.0\jackson-annotations-2.8.0.jar;C:\Users\Administrator\.m2\repository\com\fasterxml\jackson\core\jackson-core\2.8.10\jackson-core-2.8.10.jar;C:\Users\Administrator\.m2\repository\org\springframework\spring-web\4.3.12.RELEASE\spring-web-4.3.12.RELEASE.jar;C:\Users\Administrator\.m2\repository\org\springframework\spring-webmvc\4.3.12.RELEASE\spring-webmvc-4.3.12.RELEASE.jar;C:\Users\Administrator\.m2\repository\org\springframework\spring-expression\4.3.12.RELEASE\spring-expression-4.3.12.RELEASE.jar;C:\Users\Administrator\.m2\repository\org\mybatis\spring\boot\mybatis-spring-boot-starter\1.3.1\mybatis-spring-boot-starter-1.3.1.jar;C:\Users\Administrator\.m2\repository\org\mybatis\spring\boot\mybatis-spring-boot-autoconfigure\1.3.1\mybatis-spring-boot-autoconfigure-1.3.1.jar;C:\Users\Administrator\.m2\repository\org\mybatis\mybatis-spring\1.3.1\mybatis-spring-1.3.1.jar;C:\Users\Administrator\.m2\repository\com\github\pagehelper\pagehelper\4.1.0\pagehelper-4.1.0.jar;C:\Users\Administrator\.m2\repository\com\github\jsqlparser\jsqlparser\0.9.4\jsqlparser-0.9.4.jar;C:\Users\Administrator\.m2\repository\org\springframework\boot\spring-boot-starter-data-jpa\1.5.8.RELEASE\spring-boot-starter-data-jpa-1.5.8.RELEASE.jar;C:\Users\Administrator\.m2\repository\org\springframework\boot\spring-boot-starter-aop\1.5.8.RELEASE\spring-boot-starter-aop-1.5.8.RELEASE.jar;C:\Users\Administrator\.m2\repository\org\aspectj\aspectjweaver\1.8.11\aspectjweaver-1.8.11.jar;C:\Users\Administrator\.m2\repository\org\hibernate\hibernate-core\5.0.12.Final\hibernate-core-5.0.12.Final.jar;C:\Users\Administrator\.m2\repository\org\hibernate\javax\persistence\hibernate-jpa-2.1-api\1.0.0.Final\hibernate-jpa-2.1-api-1.0.0.Final.jar;C:\Users\Administrator\.m2\repository\org\javassist\javassist\3.21.0-GA\javassist-3.21.0-GA.jar;C:\Users\Administrator\.m2\repository\antlr\antlr\2.7.7\antlr-2.7.7.jar;C:\Users\Administrator\.m2\repository\org\jboss\jandex\2.0.0.Final\jandex-2.0.0.Final.jar;C:\Users\Administrator\.m2\repository\dom4j\dom4j\1.6.1\dom4j-1.6.1.jar;C:\Users\Administrator\.m2\repository\org\hibernate\common\hibernate-commons-annotations\5.0.1.Final\hibernate-commons-annotations-5.0.1.Final.jar;C:\Users\Administrator\.m2\repository\org\hibernate\hibernate-entitymanager\5.0.12.Final\hibernate-entitymanager-5.0.12.Final.jar;C:\Users\Administrator\.m2\repository\javax\transaction\javax.transaction-api\1.2\javax.transaction-api-1.2.jar;C:\Users\Administrator\.m2\repository\org\springframework\data\spring-data-jpa\1.11.8.RELEASE\spring-data-jpa-1.11.8.RELEASE.jar;C:\Users\Administrator\.m2\repository\org\springframework\data\spring-data-commons\1.13.8.RELEASE\spring-data-commons-1.13.8.RELEASE.jar;C:\Users\Administrator\.m2\repository\org\springframework\spring-aspects\4.3.12.RELEASE\spring-aspects-4.3.12.RELEASE.jar;C:\Users\Administrator\.m2\repository\mysql\mysql-connector-java\5.1.44\mysql-connector-java-5.1.44.jar;C:\Users\Administrator\.m2\repository\org\projectlombok\lombok\1.16.18\lombok-1.16.18.jar;C:\Users\Administrator\.m2\repository\org\springframework\boot\spring-boot-starter-test\1.5.8.RELEASE\spring-boot-starter-test-1.5.8.RELEASE.jar;C:\Users\Administrator\.m2\repository\org\springframework\boot\spring-boot-test\1.5.8.RELEASE\spring-boot-test-1.5.8.RELEASE.jar;C:\Users\Administrator\.m2\repository\org\springframework\boot\spring-boot-test-autoconfigure\1.5.8.RELEASE\spring-boot-test-autoconfigure-1.5.8.RELEASE.jar;C:\Users\Administrator\.m2\repository\com\jayway\jsonpath\json-path\2.2.0\json-path-2.2.0.jar;C:\Users\Administrator\.m2\repository\net\minidev\json-smart\2.2.1\json-smart-2.2.1.jar;C:\Users\Administrator\.m2\repository\net\minidev\accessors-smart\1.1\accessors-smart-1.1.jar;C:\Users\Administrator\.m2\repository\org\ow2\asm\asm\5.0.3\asm-5.0.3.jar;C:\Users\Administrator\.m2\repository\junit\junit\4.12\junit-4.12.jar;C:\Users\Administrator\.m2\repository\org\assertj\assertj-core\2.6.0\assertj-core-2.6.0.jar;C:\Users\Administrator\.m2\repository\org\mockito\mockito-core\1.10.19\mockito-core-1.10.19.jar;C:\Users\Administrator\.m2\repository\org\objenesis\objenesis\2.1\objenesis-2.1.jar;C:\Users\Administrator\.m2\repository\org\hamcrest\hamcrest-core\1.3\hamcrest-core-1.3.jar;C:\Users\Administrator\.m2\repository\org\hamcrest\hamcrest-library\1.3\hamcrest-library-1.3.jar;C:\Users\Administrator\.m2\repository\org\skyscreamer\jsonassert\1.4.0\jsonassert-1.4.0.jar;C:\Users\Administrator\.m2\repository\com\vaadin\external\google\android-json\0.0.20131108.vaadin1\android-json-0.0.20131108.vaadin1.jar;C:\Users\Administrator\.m2\repository\org\springframework\spring-core\4.3.12.RELEASE\spring-core-4.3.12.RELEASE.jar;C:\Users\Administrator\.m2\repository\org\springframework\spring-test\4.3.12.RELEASE\spring-test-4.3.12.RELEASE.jar;C:\Users\Administrator\.m2\repository\com\alibaba\druid\1.0.29\druid-1.0.29.jar;D:\Program Files\Java\jdk1.8.0_151\jre\..\lib\jconsole.jar;D:\Program Files\Java\jdk1.8.0_151\jre\..\lib\tools.jar;C:\Users\Administrator\.m2\repository\org\apache\httpcomponents\httpmime\4.5.3\httpmime-4.5.3.jar;C:\Users\Administrator\.m2\repository\org\apache\httpcomponents\httpclient\4.5.3\httpclient-4.5.3.jar;C:\Users\Administrator\.m2\repository\org\apache\httpcomponents\httpcore\4.4.8\httpcore-4.4.8.jar;C:\Users\Administrator\.m2\repository\commons-codec\commons-codec\1.10\commons-codec-1.10.jar;C:\Users\Administrator\.m2\repository\log4j\log4j\1.2.17\log4j-1.2.17.jar;C:\Users\Administrator\.m2\repository\com\alibaba\fastjson\1.2.15\fastjson-1.2.15.jar;C:\Users\Administrator\.m2\repository\org\springframework\boot\spring-boot-devtools\1.5.8.RELEASE\spring-boot-devtools-1.5.8.RELEASE.jar;C:\Users\Administrator\.m2\repository\org\springframework\boot\spring-boot\1.5.8.RELEASE\spring-boot-1.5.8.RELEASE.jar;C:\Users\Administrator\.m2\repository\org\springframework\boot\spring-boot-autoconfigure\1.5.8.RELEASE\spring-boot-autoconfigure-1.5.8.RELEASE.jar;C:\Users\Administrator\.m2\repository\org\apache\commons\commons-lang3\3.3.2\commons-lang3-3.3.2.jar;C:\Users\Administrator\.m2\repository\commons-io\commons-io\2.2\commons-io-2.2.jar;C:\Users\Administrator\.m2\repository\commons-net\commons-net\3.3\commons-net-3.3.jar;C:\Users\Administrator\.m2\repository\com\google\code\gson\gson\2.8.2\gson-2.8.2.jar;C:\Users\Administrator\.m2\repository\net\sf\ehcache\ehcache\2.10.4\ehcache-2.10.4.jar;C:\Users\Administrator\.m2\repository\org\slf4j\slf4j-api\1.7.25\slf4j-api-1.7.25.jar;, user.name=Administrator, java.vm.specification.version=1.8, sun.java.command=E:\Workspace\storage\target\surefire\surefirebooter2823321513190882091.jar E:\Workspace\storage\target\surefire\surefire4484879826912551131tmp E:\Workspace\storage\target\surefire\surefire_02005295632555358230tmp, java.home=D:\Program Files\Java\jdk1.8.0_151\jre, sun.arch.data.model=64, user.language=zh, java.specification.vendor=Oracle Corporation, awt.toolkit=sun.awt.windows.WToolkit, java.vm.info=mixed mode, java.version=1.8.0_151, java.ext.dirs=D:\Program Files\Java\jdk1.8.0_151\jre\lib\ext;C:\windows\Sun\Java\lib\ext, sun.boot.class.path=D:\Program Files\Java\jdk1.8.0_151\jre\lib\resources.jar;D:\Program Files\Java\jdk1.8.0_151\jre\lib\rt.jar;D:\Program Files\Java\jdk1.8.0_151\jre\lib\sunrsasign.jar;D:\Program Files\Java\jdk1.8.0_151\jre\lib\jsse.jar;D:\Program Files\Java\jdk1.8.0_151\jre\lib\jce.jar;D:\Program Files\Java\jdk1.8.0_151\jre\lib\charsets.jar;D:\Program Files\Java\jdk1.8.0_151\jre\lib\jfr.jar;D:\Program Files\Java\jdk1.8.0_151\jre\classes, java.vendor=Oracle Corporation, localRepository=C:\Users\Administrator\.m2\repository, file.separator=\, java.vendor.url.bug=http://bugreport.sun.com/bugreport/, sun.io.unicode.encoding=UnicodeLittle, sun.cpu.endian=little, sun.desktop=windows, sun.cpu.isalist=amd64}}, SystemEnvironmentPropertySource@1666607455 {name='systemEnvironment', properties={PATH=D:/Program Files/Java/jdk1.8.0_151/bin/../jre/bin/server;D:/Program Files/Java/jdk1.8.0_151/bin/../jre/bin;D:/Program Files/Java/jdk1.8.0_151/bin/../jre/lib/amd64;C:\windows\system32;C:\windows;C:\windows\System32\Wbem;C:\windows\System32\WindowsPowerShell\v1.0\;D:\Program Files\TortoiseSVN\bin;D:\Program Files\Java\jdk1.8.0_151\bin;D:\Program Files\Java\jdk1.8.0_151\jre\bin;;D:\eclipse;, LOCALAPPDATA=C:\Users\Administrator\AppData\Local, PROCESSOR_LEVEL=6, SYSTEMDRIVE=C:, COMMONPROGRAMFILES(X86)=C:\Program Files (x86)\Common Files, FP_NO_HOST_CHECK=NO, USERDOMAIN=PC-20171220UPSS, LOGONSERVER=\\PC-20171220UPSS, JAVA_HOME=D:\Program Files\Java\jdk1.8.0_151, PROMPT=$P$G, SESSIONNAME=RDP-Tcp#1, ALLUSERSPROFILE=C:\ProgramData, PROGRAMFILES(X86)=C:\Program Files (x86), PROCESSOR_ARCHITECTURE=AMD64, =E:=E:\Workspace\storage, PROGRAMFILES=C:\Program Files, WINDOWS_TRACING_FLAGS=3, APPDATA=C:\Users\Administrator\AppData\Roaming, PSMODULEPATH=C:\windows\system32\WindowsPowerShell\v1.0\Modules\, PROGRAMW6432=C:\Program Files, PROGRAMDATA=C:\ProgramData, SYSTEMROOT=C:\windows, USERNAME=Administrator, PATHEXT=.COM;.EXE;.BAT;.CMD;.VBS;.VBE;.JS;.JSE;.WSF;.WSH;.MSC, OS=Windows_NT, COMMONPROGRAMW6432=C:\Program Files\Common Files, COMPUTERNAME=PC-20171220UPSS, COMMONPROGRAMFILES=C:\Program Files\Common Files, COMSPEC=C:\windows\system32\cmd.exe, _DFX_INSTALL_UNSIGNED_DRIVER=1, PROCESSOR_REVISION=5e03, CLASSPATH= .;D:\Program Files\Java\jdk1.8.0_151\lib;D:\Program Files\Java\jdk1.8.0_151\lib\tools.jar, WINDIR=C:\windows, HOMEPATH=\Users\Administrator, TEMP=C:\Users\ADMINI~1\AppData\Local\Temp, HOMEDRIVE=C:, PROCESSOR_IDENTIFIER=Intel64 Family 6 Model 94 Stepping 3, GenuineIntel, USERPROFILE=C:\Users\Administrator, TMP=C:\Users\ADMINI~1\AppData\Local\Temp, WINDOWS_TRACING_LOGFILE=C:\BVTBin\Tests\installpackage\csilogfile.log, PUBLIC=C:\Users\Public, NUMBER_OF_PROCESSORS=4, CLIENTNAME=2016-20170502RH}}]
00:09:38.924 [main] DEBUG org.springframework.core.env.MutablePropertySources - Adding PropertySource 'inline' with highest search precedence
00:09:38.930 [main] DEBUG org.springframework.test.context.support.TestPropertySourceUtils - Adding inlined properties to environment: {spring.jmx.enabled=false, org.springframework.boot.test.context.SpringBootTestContextBootstrapper=true, server.port=-1}
00:09:38.930 [main] DEBUG org.springframework.core.env.StandardEnvironment - Adding PropertySource 'Inlined Test Properties' with highest search precedence
2018-07-21 00:09:39.135 ERROR 4232 --- [           main] o.s.b.l.LoggingApplicationListener       : Cannot set level: debug   for 'com.neo.mapper'

  .   ____          _            __ _ _
 /\\ / ___'_ __ _ _(_)_ __  __ _ \ \ \ \
( ( )\___ | '_ | '_| | '_ \/ _` | \ \ \ \
 \\/  ___)| |_)| | | | | || (_| |  ) ) ) )
  '  |____| .__|_| |_|_| |_\__, | / / / /
 =========|_|==============|___/=/_/_/_/
 :: Spring Boot ::        (v1.5.8.RELEASE)

2018-07-21 00:09:39.223  INFO 4232 --- [           main] c.h.b.storage.StorageApplicationTests    : Starting StorageApplicationTests on PC-20171220UPSS with PID 4232 (started by Administrator in E:\Workspace\storage)
2018-07-21 00:09:39.223  INFO 4232 --- [           main] c.h.b.storage.StorageApplicationTests    : The following profiles are active: dev
2018-07-21 00:09:39.264  INFO 4232 --- [           main] o.s.w.c.s.GenericWebApplicationContext   : Refreshing org.springframework.web.context.support.GenericWebApplicationContext@2ddc9a9f: startup date [Sat Jul 21 00:09:39 CST 2018]; root of context hierarchy
2018-07-21 00:09:40.226  INFO 4232 --- [           main] o.s.b.f.s.DefaultListableBeanFactory     : Overriding bean definition for bean 'originFilter' with a different definition: replacing [Generic bean: class [com.hywa.bigdata.storage.conf.springConfig.OriginFilter]; scope=singleton; abstract=false; lazyInit=false; autowireMode=0; dependencyCheck=0; autowireCandidate=true; primary=false; factoryBeanName=null; factoryMethodName=null; initMethodName=null; destroyMethodName=null; defined in file [E:\Workspace\storage\target\classes\com\hywa\bigdata\storage\conf\springConfig\OriginFilter.class]] with [Root bean: class [null]; scope=; abstract=false; lazyInit=false; autowireMode=3; dependencyCheck=0; autowireCandidate=true; primary=false; factoryBeanName=webMvc; factoryMethodName=sessionFilter; initMethodName=null; destroyMethodName=(inferred); defined in class path resource [com/hywa/bigdata/storage/conf/springConfig/WebMvc.class]]
2018-07-21 00:09:40.227  INFO 4232 --- [           main] o.s.b.f.xml.XmlBeanDefinitionReader      : Loading XML bean definitions from class path resource [activiti.cfg.xml]
2018-07-21 00:09:40.453  INFO 4232 --- [           main] .s.d.r.c.RepositoryConfigurationDelegate : Multiple Spring Data modules found, entering strict repository configuration mode!
2018-07-21 00:09:40.571  INFO 4232 --- [           main] .s.d.r.c.RepositoryConfigurationDelegate : Multiple Spring Data modules found, entering strict repository configuration mode!
2018-07-21 00:09:42.234  INFO 4232 --- [           main] com.alibaba.druid.pool.DruidDataSource   : {dataSource-1} inited
2018-07-21 00:09:42.588  INFO 4232 --- [           main] j.LocalContainerEntityManagerFactoryBean : Building JPA container EntityManagerFactory for persistence unit 'default'
2018-07-21 00:09:42.602  INFO 4232 --- [           main] o.hibernate.jpa.internal.util.LogHelper  : HHH000204: Processing PersistenceUnitInfo [
	name: default
	...]
2018-07-21 00:09:42.689  INFO 4232 --- [           main] org.hibernate.Version                    : HHH000412: Hibernate Core {5.0.12.Final}
2018-07-21 00:09:42.691  INFO 4232 --- [           main] org.hibernate.cfg.Environment            : HHH000206: hibernate.properties not found
2018-07-21 00:09:42.693  INFO 4232 --- [           main] org.hibernate.cfg.Environment            : HHH000021: Bytecode provider name : javassist
2018-07-21 00:09:42.744  INFO 4232 --- [           main] o.hibernate.annotations.common.Version   : HCANN000001: Hibernate Commons Annotations {5.0.1.Final}
2018-07-21 00:09:42.875  INFO 4232 --- [           main] org.hibernate.dialect.Dialect            : HHH000400: Using dialect: org.hibernate.dialect.MySQL5Dialect
2018-07-21 00:09:43.178  INFO 4232 --- [           main] j.LocalContainerEntityManagerFactoryBean : Initialized JPA EntityManagerFactory for persistence unit 'default'
================启动redis==============
2018-07-21 00:09:44.554  INFO 4232 --- [           main] o.a.engine.impl.ProcessEngineImpl        : ProcessEngine default created
2018-07-21 00:09:44.555  INFO 4232 --- [           main] o.a.e.i.a.AbstractAsyncJobExecutor       : Starting up the default async job executor [org.activiti.spring.SpringAsyncExecutor].
2018-07-21 00:09:44.557  INFO 4232 --- [       Thread-5] o.a.e.i.a.AcquireTimerJobsRunnable       : starting to acquire async jobs due
2018-07-21 00:09:44.559  INFO 4232 --- [       Thread-6] o.a.e.i.a.AcquireAsyncJobsDueRunnable    : starting to acquire async jobs due
2018-07-21 00:09:46.357  INFO 4232 --- [           main] s.w.s.m.m.a.RequestMappingHandlerAdapter : Looking for @ControllerAdvice: org.springframework.web.context.support.GenericWebApplicationContext@2ddc9a9f: startup date [Sat Jul 21 00:09:39 CST 2018]; root of context hierarchy
2018-07-21 00:09:46.463  INFO 4232 --- [           main] s.w.s.m.m.a.RequestMappingHandlerMapping : Mapped "{[/process/deploy]}" onto public com.hywa.bigdata.storage.common.AjaxJson com.hywa.bigdata.storage.controller.ProcessController.deploy(java.lang.String) throws java.io.IOException
2018-07-21 00:09:46.467  INFO 4232 --- [           main] s.w.s.m.m.a.RequestMappingHandlerMapping : Mapped "{[/windowsInfo/findMenu]}" onto public com.hywa.bigdata.storage.common.AjaxJson com.hywa.bigdata.storage.controller.WindowsInfoController.findMenu(java.lang.String)
2018-07-21 00:09:46.467  INFO 4232 --- [           main] s.w.s.m.m.a.RequestMappingHandlerMapping : Mapped "{[/windowsInfo/taskFindByProcessIdOrId]}" onto public com.hywa.bigdata.storage.common.AjaxJson com.hywa.bigdata.storage.controller.WindowsInfoController.taskFindById(java.lang.String,java.lang.String)
2018-07-21 00:09:46.467  INFO 4232 --- [           main] s.w.s.m.m.a.RequestMappingHandlerMapping : Mapped "{[/windowsInfo/designHomePage]}" onto public com.hywa.bigdata.storage.common.AjaxJson com.hywa.bigdata.storage.controller.WindowsInfoController.designHomePage(com.hywa.bigdata.storage.entity.DesignHomePageInfo)
2018-07-21 00:09:46.467  INFO 4232 --- [           main] s.w.s.m.m.a.RequestMappingHandlerMapping : Mapped "{[/windowsInfo/designOrder]}" onto public com.hywa.bigdata.storage.common.AjaxJson com.hywa.bigdata.storage.controller.WindowsInfoController.designOrder(com.hywa.bigdata.storage.entity.OrderDesigningInfo)
2018-07-21 00:09:46.468  INFO 4232 --- [           main] s.w.s.m.m.a.RequestMappingHandlerMapping : Mapped "{[/windowsInfo/findBaseProcessInfo]}" onto public com.hywa.bigdata.storage.common.AjaxJson com.hywa.bigdata.storage.controller.WindowsInfoController.findBaseProcessInfo(com.hywa.bigdata.storage.entity.BaseProcessInfo,java.lang.Integer,java.lang.Integer)
2018-07-21 00:09:46.468  INFO 4232 --- [           main] s.w.s.m.m.a.RequestMappingHandlerMapping : Mapped "{[/windowsInfo/findBaseProcessInfoById]}" onto public com.hywa.bigdata.storage.common.AjaxJson com.hywa.bigdata.storage.controller.WindowsInfoController.findBaseProcessInfoById(java.lang.String)
2018-07-21 00:09:46.468  INFO 4232 --- [           main] s.w.s.m.m.a.RequestMappingHandlerMapping : Mapped "{[/windowsInfo/getUserByDepartment]}" onto public com.hywa.bigdata.storage.common.AjaxJson com.hywa.bigdata.storage.controller.WindowsInfoController.getUserByDepartment()
2018-07-21 00:09:46.469  INFO 4232 --- [           main] s.w.s.m.m.a.RequestMappingHandlerMapping : Mapped "{[/windowsInfo/saveBatchTaskNodeInfo],consumes=[application/json;charset=utf-8]}" onto public com.hywa.bigdata.storage.common.AjaxJson com.hywa.bigdata.storage.controller.WindowsInfoController.saveBatchTaskNodeInfo(com.hywa.bigdata.storage.entity.BatchTaskNodeInfo,org.springframework.validation.BindingResult)
2018-07-21 00:09:46.469  INFO 4232 --- [           main] s.w.s.m.m.a.RequestMappingHandlerMapping : Mapped "{[/windowsInfo/designHomePageFindByTaskId]}" onto public com.hywa.bigdata.storage.common.AjaxJson com.hywa.bigdata.storage.controller.WindowsInfoController.designHomePageFindByTaskId(java.lang.String)
2018-07-21 00:09:46.469  INFO 4232 --- [           main] s.w.s.m.m.a.RequestMappingHandlerMapping : Mapped "{[/windowsInfo/designOrderFindByTaskId]}" onto public com.hywa.bigdata.storage.common.AjaxJson com.hywa.bigdata.storage.controller.WindowsInfoController.designOrderFindByTaskId(java.lang.String)
2018-07-21 00:09:46.474  INFO 4232 --- [           main] s.w.s.m.m.a.RequestMappingHandlerMapping : Mapped "{[/workFlow/orderCompileWin]}" onto public com.hywa.bigdata.storage.common.AjaxJson com.hywa.bigdata.storage.controller.WorkFlowController.orderCompileWin(java.lang.String)
2018-07-21 00:09:46.474  INFO 4232 --- [           main] s.w.s.m.m.a.RequestMappingHandlerMapping : Mapped "{[/workFlow/orderSaveWin]}" onto public com.hywa.bigdata.storage.common.AjaxJson com.hywa.bigdata.storage.controller.WorkFlowController.orderSaveWin(java.lang.String)
2018-07-21 00:09:46.474  INFO 4232 --- [           main] s.w.s.m.m.a.RequestMappingHandlerMapping : Mapped "{[/workFlow/saveOrderdetail],methods=[POST]}" onto public com.hywa.bigdata.storage.common.AjaxJson com.hywa.bigdata.storage.controller.WorkFlowController.saveOrderdetail(com.hywa.bigdata.storage.entity.Orderdetail,org.springframework.validation.BindingResult) throws java.text.ParseException
2018-07-21 00:09:46.475  INFO 4232 --- [           main] s.w.s.m.m.a.RequestMappingHandlerMapping : Mapped "{[/workFlow/checkOrderdetail],methods=[POST]}" onto public com.hywa.bigdata.storage.common.AjaxJson com.hywa.bigdata.storage.controller.WorkFlowController.checkOrderdetail(com.hywa.bigdata.storage.entity.Orderdetail)
2018-07-21 00:09:46.475  INFO 4232 --- [           main] s.w.s.m.m.a.RequestMappingHandlerMapping : Mapped "{[/workFlow/userTask]}" onto public com.hywa.bigdata.storage.common.AjaxJson com.hywa.bigdata.storage.controller.WorkFlowController.userTask(com.hywa.bigdata.storage.entity.Orderdetail,int,int,java.lang.String)
2018-07-21 00:09:46.475  INFO 4232 --- [           main] s.w.s.m.m.a.RequestMappingHandlerMapping : Mapped "{[/workFlow/countUserTask]}" onto public com.hywa.bigdata.storage.common.AjaxJson com.hywa.bigdata.storage.controller.WorkFlowController.countUserTask()
2018-07-21 00:09:46.475  INFO 4232 --- [           main] s.w.s.m.m.a.RequestMappingHandlerMapping : Mapped "{[/workFlow/auditDelete]}" onto public com.hywa.bigdata.storage.common.AjaxJson com.hywa.bigdata.storage.controller.WorkFlowController.auditDelete(com.hywa.bigdata.storage.entity.Orderdetail)
2018-07-21 00:09:46.475  INFO 4232 --- [           main] s.w.s.m.m.a.RequestMappingHandlerMapping : Mapped "{[/workFlow/delOrderdetail]}" onto public com.hywa.bigdata.storage.common.AjaxJson com.hywa.bigdata.storage.controller.WorkFlowController.delOrderdetail(java.lang.String)
2018-07-21 00:09:46.475  INFO 4232 --- [           main] s.w.s.m.m.a.RequestMappingHandlerMapping : Mapped "{[/workFlow/findOperatorAll]}" onto public com.hywa.bigdata.storage.common.AjaxJson com.hywa.bigdata.storage.controller.WorkFlowController.findOperatorAll(java.lang.String)
2018-07-21 00:09:46.476  INFO 4232 --- [           main] s.w.s.m.m.a.RequestMappingHandlerMapping : Mapped "{[/workFlow/findNodeInfoByProcessId]}" onto public com.hywa.bigdata.storage.common.AjaxJson com.hywa.bigdata.storage.controller.WorkFlowController.findNodeInfoByProcessId(java.lang.String)
2018-07-21 00:09:46.476  INFO 4232 --- [           main] s.w.s.m.m.a.RequestMappingHandlerMapping : Mapped "{[/workFlow/checkTrackingNumber]}" onto public com.hywa.bigdata.storage.common.AjaxJson com.hywa.bigdata.storage.controller.WorkFlowController.checkTrackingNumber(java.lang.String)
2018-07-21 00:09:46.477  INFO 4232 --- [           main] s.w.s.m.m.a.RequestMappingHandlerMapping : Mapped "{[/error]}" onto public org.springframework.http.ResponseEntity<java.util.Map<java.lang.String, java.lang.Object>> org.springframework.boot.autoconfigure.web.BasicErrorController.error(javax.servlet.http.HttpServletRequest)
2018-07-21 00:09:46.478  INFO 4232 --- [           main] s.w.s.m.m.a.RequestMappingHandlerMapping : Mapped "{[/error],produces=[text/html]}" onto public org.springframework.web.servlet.ModelAndView org.springframework.boot.autoconfigure.web.BasicErrorController.errorHtml(javax.servlet.http.HttpServletRequest,javax.servlet.http.HttpServletResponse)
2018-07-21 00:09:46.551  INFO 4232 --- [           main] o.s.w.s.handler.SimpleUrlHandlerMapping  : Mapped URL path [/webjars/**] onto handler of type [class org.springframework.web.servlet.resource.ResourceHttpRequestHandler]
2018-07-21 00:09:46.551  INFO 4232 --- [           main] o.s.w.s.handler.SimpleUrlHandlerMapping  : Mapped URL path [/**] onto handler of type [class org.springframework.web.servlet.resource.ResourceHttpRequestHandler]
2018-07-21 00:09:46.575  INFO 4232 --- [           main] .m.m.a.ExceptionHandlerExceptionResolver : Detected @ExceptionHandler methods in globalExceptionResolver
2018-07-21 00:09:46.614  INFO 4232 --- [           main] o.s.w.s.handler.SimpleUrlHandlerMapping  : Mapped URL path [/**/favicon.ico] onto handler of type [class org.springframework.web.servlet.resource.ResourceHttpRequestHandler]
2018-07-21 00:09:47.719  INFO 4232 --- [           main] o.s.c.support.DefaultLifecycleProcessor  : Starting beans in phase 2147483647
2018-07-21 00:09:47.731  INFO 4232 --- [           main] c.h.b.storage.StorageApplicationTests    : Started StorageApplicationTests in 8.787 seconds (JVM running for 9.341)
]]></system-out>
  </testcase>
</testsuite>